app/build/intermediates/manifest_merge_blame_file/debug/manifest-merger-blame-debug-report.txt
1<?xml version="1.0" encoding="utf-8"?>
2<manifest xmlns:android="http://schemas.android.com/apk/res/android"
3    package="com.example.todo"
4    android:versionCode="1"
5    android:versionName="1.0" >
6
7    <uses-sdk
8        android:minSdkVersion="24"
9        android:targetSdkVersion="34" />
10
11    <uses-permission android:name="android.permission.INTERNET" />
11-->src\main\AndroidManifest.xml:4:5-67
11-->src\main\AndroidManifest.xml:4:22-64
12    <uses-permission android:name="android.permission.ACCESS_NETWORK_STATE" />
12-->src\main\AndroidManifest.xml:5:5-79
12-->src\main\AndroidManifest.xml:5:22-76
13    <uses-permission android:name="android.permission.POST_NOTIFICATIONS" />
13-->src\main\AndroidManifest.xml:6:5-77
13-->src\main\AndroidManifest.xml:6:22-74
14    <uses-permission android:name="android.permission.SCHEDULE_EXACT_ALARM" />
14-->src\main\AndroidManifest.xml:7:5-79
14-->src\main\AndroidManifest.xml:7:22-76
15    <uses-permission android:name="android.permission.USE_EXACT_ALARM" />
15-->src\main\AndroidManifest.xml:8:5-74
15-->src\main\AndroidManifest.xml:8:22-71
16    <uses-permission android:name="android.permission.WAKE_LOCK" />
16-->[com.google.android.gms:play-services-measurement:21.5.1] AndroidManifest.xml:25:5-68
16-->[com.google.android.gms:play-services-measurement:21.5.1] AndroidManifest.xml:25:22-65
17    <uses-permission android:name="com.google.android.finsky.permission.BIND_GET_INSTALL_REFERRER_SERVICE" />
17-->[com.google.android.gms:play-services-measurement:21.5.1] AndroidManifest.xml:26:5-110
17-->[com.google.android.gms:play-services-measurement:21.5.1] AndroidManifest.xml:26:22-107
18    <uses-permission android:name="com.google.android.gms.permission.AD_ID" />
18-->[com.google.android.gms:play-services-measurement-impl:21.5.1] AndroidManifest.xml:27:5-79
18-->[com.google.android.gms:play-services-measurement-impl:21.5.1] AndroidManifest.xml:27:22-76
19    <uses-permission android:name="android.permission.ACCESS_ADSERVICES_ATTRIBUTION" />
19-->[com.google.android.gms:play-services-measurement-api:21.5.1] AndroidManifest.xml:26:5-88
19-->[com.google.android.gms:play-services-measurement-api:21.5.1] AndroidManifest.xml:26:22-85
20    <uses-permission android:name="android.permission.ACCESS_ADSERVICES_AD_ID" />
20-->[com.google.android.gms:play-services-measurement-api:21.5.1] AndroidManifest.xml:27:5-82
20-->[com.google.android.gms:play-services-measurement-api:21.5.1] AndroidManifest.xml:27:22-79
21
22    <permission
22-->[androidx.core:core:1.12.0] AndroidManifest.xml:22:5-24:47
23        android:name="com.example.todo.DYNAMIC_RECEIVER_NOT_EXPORTED_PERMISSION"
23-->[androidx.core:core:1.12.0] AndroidManifest.xml:23:9-81
24        android:protectionLevel="signature" />
24-->[androidx.core:core:1.12.0] AndroidManifest.xml:24:9-44
25
26    <uses-permission android:name="com.example.todo.DYNAMIC_RECEIVER_NOT_EXPORTED_PERMISSION" />
26-->[androidx.core:core:1.12.0] AndroidManifest.xml:26:5-97
26-->[androidx.core:core:1.12.0] AndroidManifest.xml:26:22-94
27
28    <application
28-->src\main\AndroidManifest.xml:10:5-29:19
29        android:name="com.example.todo.TodoApplication"
29-->src\main\AndroidManifest.xml:11:9-40
30        android:allowBackup="true"
30-->src\main\AndroidManifest.xml:12:9-35
31        android:appComponentFactory="androidx.core.app.CoreComponentFactory"
31-->[androidx.core:core:1.12.0] AndroidManifest.xml:28:18-86
32        android:backupAgent="com.example.todo.TodoBackupAgent"
32-->src\main\AndroidManifest.xml:13:9-47
33        android:debuggable="true"
34        android:extractNativeLibs="false"
35        android:fullBackupContent="@xml/backup_rules"
35-->src\main\AndroidManifest.xml:14:9-54
36        android:icon="@mipmap/ic_launcher"
36-->src\main\AndroidManifest.xml:15:9-43
37        android:label="@string/app_name"
37-->src\main\AndroidManifest.xml:16:9-41
38        android:roundIcon="@mipmap/ic_launcher_round"
38-->src\main\AndroidManifest.xml:17:9-54
39        android:supportsRtl="true"
39-->src\main\AndroidManifest.xml:18:9-35
40        android:testOnly="true"
41        android:theme="@style/Theme.Todo" >
41-->src\main\AndroidManifest.xml:19:9-42
42        <receiver android:name="com.example.todo.notification.ReminderReceiver" />
42-->src\main\AndroidManifest.xml:20:9-67
42-->src\main\AndroidManifest.xml:20:19-64
43
44        <activity
44-->src\main\AndroidManifest.xml:21:9-28:20
45            android:name="com.example.todo.MainActivity"
45-->src\main\AndroidManifest.xml:22:13-41
46            android:exported="true" >
46-->src\main\AndroidManifest.xml:23:13-36
47            <intent-filter>
47-->src\main\AndroidManifest.xml:24:13-27:29
48                <action android:name="android.intent.action.MAIN" />
48-->src\main\AndroidManifest.xml:25:17-69
48-->src\main\AndroidManifest.xml:25:25-66
49
50                <category android:name="android.intent.category.LAUNCHER" />
50-->src\main\AndroidManifest.xml:26:17-77
50-->src\main\AndroidManifest.xml:26:27-74
51            </intent-filter>
52        </activity>
53
54        <service
54-->[com.google.mlkit:translate:17.0.1] AndroidManifest.xml:11:9-17:19
55            android:name="com.google.mlkit.common.internal.MlKitComponentDiscoveryService"
55-->[com.google.mlkit:translate:17.0.1] AndroidManifest.xml:12:13-91
56            android:directBootAware="true"
56-->[com.google.mlkit:common:18.5.0] AndroidManifest.xml:17:13-43
57            android:exported="false" >
57-->[com.google.mlkit:translate:17.0.1] AndroidManifest.xml:13:13-37
58            <meta-data
58-->[com.google.mlkit:translate:17.0.1] AndroidManifest.xml:14:13-16:85
59                android:name="com.google.firebase.components:com.google.mlkit.nl.translate.NaturalLanguageTranslateRegistrar"
59-->[com.google.mlkit:translate:17.0.1] AndroidManifest.xml:15:17-126
60                android:value="com.google.firebase.components.ComponentRegistrar" />
60-->[com.google.mlkit:translate:17.0.1] AndroidManifest.xml:16:17-82
61            <meta-data
61-->[com.google.mlkit:common:18.5.0] AndroidManifest.xml:20:13-22:85
62                android:name="com.google.firebase.components:com.google.mlkit.common.internal.CommonComponentRegistrar"
62-->[com.google.mlkit:common:18.5.0] AndroidManifest.xml:21:17-120
63                android:value="com.google.firebase.components.ComponentRegistrar" />
63-->[com.google.mlkit:common:18.5.0] AndroidManifest.xml:22:17-82
64        </service>
65
66        <provider
66-->[androidx.emoji2:emoji2:1.2.0] AndroidManifest.xml:24:9-32:20
67            android:name="androidx.startup.InitializationProvider"
67-->[androidx.emoji2:emoji2:1.2.0] AndroidManifest.xml:25:13-67
68            android:authorities="com.example.todo.androidx-startup"
68-->[androidx.emoji2:emoji2:1.2.0] AndroidManifest.xml:26:13-68
69            android:exported="false" >
69-->[androidx.emoji2:emoji2:1.2.0] AndroidManifest.xml:27:13-37
70            <meta-data
70-->[androidx.emoji2:emoji2:1.2.0] AndroidManifest.xml:29:13-31:52
71                android:name="androidx.emoji2.text.EmojiCompatInitializer"
71-->[androidx.emoji2:emoji2:1.2.0] AndroidManifest.xml:30:17-75
72                android:value="androidx.startup" />
72-->[androidx.emoji2:emoji2:1.2.0] AndroidManifest.xml:31:17-49
73            <meta-data
73-->[androidx.lifecycle:lifecycle-process:2.7.0] AndroidManifest.xml:29:13-31:52
74                android:name="androidx.lifecycle.ProcessLifecycleInitializer"
74-->[androidx.lifecycle:lifecycle-process:2.7.0] AndroidManifest.xml:30:17-78
75                android:value="androidx.startup" />
75-->[androidx.lifecycle:lifecycle-process:2.7.0] AndroidManifest.xml:31:17-49
76            <meta-data
76-->[androidx.profileinstaller:profileinstaller:1.3.0] AndroidManifest.xml:29:13-31:52
77                android:name="androidx.profileinstaller.ProfileInstallerInitializer"
77-->[androidx.profileinstaller:profileinstaller:1.3.0] AndroidManifest.xml:30:17-85
78                android:value="androidx.startup" />
78-->[androidx.profileinstaller:profileinstaller:1.3.0] AndroidManifest.xml:31:17-49
79        </provider>
80        <provider
80-->[com.google.mlkit:common:18.5.0] AndroidManifest.xml:9:9-13:38
81            android:name="com.google.mlkit.common.internal.MlKitInitProvider"
81-->[com.google.mlkit:common:18.5.0] AndroidManifest.xml:10:13-78
82            android:authorities="com.example.todo.mlkitinitprovider"
82-->[com.google.mlkit:common:18.5.0] AndroidManifest.xml:11:13-69
83            android:exported="false"
83-->[com.google.mlkit:common:18.5.0] AndroidManifest.xml:12:13-37
84            android:initOrder="99" />
84-->[com.google.mlkit:common:18.5.0] AndroidManifest.xml:13:13-35
85
86        <service
86-->[com.google.firebase:firebase-firestore-ktx:24.10.2] AndroidManifest.xml:9:9-15:19
87            android:name="com.google.firebase.components.ComponentDiscoveryService"
87-->[com.google.firebase:firebase-firestore-ktx:24.10.2] AndroidManifest.xml:10:13-84
88            android:directBootAware="true"
88-->[com.google.firebase:firebase-common:20.4.2] AndroidManifest.xml:32:13-43
89            android:exported="false" >
89-->[com.google.firebase:firebase-firestore-ktx:24.10.2] AndroidManifest.xml:11:13-37
90            <meta-data
90-->[com.google.firebase:firebase-firestore-ktx:24.10.2] AndroidManifest.xml:12:13-14:85
91                android:name="com.google.firebase.components:com.google.firebase.firestore.ktx.FirebaseFirestoreLegacyRegistrar"
91-->[com.google.firebase:firebase-firestore-ktx:24.10.2] AndroidManifest.xml:13:17-129
92                android:value="com.google.firebase.components.ComponentRegistrar" />
92-->[com.google.firebase:firebase-firestore-ktx:24.10.2] AndroidManifest.xml:14:17-82
93            <meta-data
93-->[com.google.firebase:firebase-firestore:24.10.2] AndroidManifest.xml:17:13-19:85
94                android:name="com.google.firebase.components:com.google.firebase.firestore.FirebaseFirestoreKtxRegistrar"
94-->[com.google.firebase:firebase-firestore:24.10.2] AndroidManifest.xml:18:17-122
95                android:value="com.google.firebase.components.ComponentRegistrar" />
95-->[com.google.firebase:firebase-firestore:24.10.2] AndroidManifest.xml:19:17-82
96            <meta-data
96-->[com.google.firebase:firebase-firestore:24.10.2] AndroidManifest.xml:20:13-22:85
97                android:name="com.google.firebase.components:com.google.firebase.firestore.FirestoreRegistrar"
97-->[com.google.firebase:firebase-firestore:24.10.2] AndroidManifest.xml:21:17-111
98                android:value="com.google.firebase.components.ComponentRegistrar" />
98-->[com.google.firebase:firebase-firestore:24.10.2] AndroidManifest.xml:22:17-82
99            <meta-data
99-->[com.google.firebase:firebase-analytics-ktx:21.5.1] AndroidManifest.xml:11:13-13:85
100                android:name="com.google.firebase.components:com.google.firebase.analytics.ktx.FirebaseAnalyticsLegacyRegistrar"
100-->[com.google.firebase:firebase-analytics-ktx:21.5.1] AndroidManifest.xml:12:17-129
101                android:value="com.google.firebase.components.ComponentRegistrar" />
101-->[com.google.firebase:firebase-analytics-ktx:21.5.1] AndroidManifest.xml:13:17-82
102            <meta-data
102-->[com.google.android.gms:play-services-measurement-api:21.5.1] AndroidManifest.xml:37:13-39:85
103                android:name="com.google.firebase.components:com.google.firebase.analytics.connector.internal.AnalyticsConnectorRegistrar"
103-->[com.google.android.gms:play-services-measurement-api:21.5.1] AndroidManifest.xml:38:17-139
104                android:value="com.google.firebase.components.ComponentRegistrar" />
104-->[com.google.android.gms:play-services-measurement-api:21.5.1] AndroidManifest.xml:39:17-82
105            <meta-data
105-->[com.google.firebase:firebase-installations:17.2.0] AndroidManifest.xml:15:13-17:85
106                android:name="com.google.firebase.components:com.google.firebase.installations.FirebaseInstallationsKtxRegistrar"
106-->[com.google.firebase:firebase-installations:17.2.0] AndroidManifest.xml:16:17-130
107                android:value="com.google.firebase.components.ComponentRegistrar" />
107-->[com.google.firebase:firebase-installations:17.2.0] AndroidManifest.xml:17:17-82
108            <meta-data
108-->[com.google.firebase:firebase-installations:17.2.0] AndroidManifest.xml:18:13-20:85
109                android:name="com.google.firebase.components:com.google.firebase.installations.FirebaseInstallationsRegistrar"
109-->[com.google.firebase:firebase-installations:17.2.0] AndroidManifest.xml:19:17-127
110                android:value="com.google.firebase.components.ComponentRegistrar" />
110-->[com.google.firebase:firebase-installations:17.2.0] AndroidManifest.xml:20:17-82
111            <meta-data
111-->[com.google.firebase:firebase-common-ktx:20.4.2] AndroidManifest.xml:12:13-14:85
112                android:name="com.google.firebase.components:com.google.firebase.ktx.FirebaseCommonLegacyRegistrar"
112-->[com.google.firebase:firebase-common-ktx:20.4.2] AndroidManifest.xml:13:17-116
113                android:value="com.google.firebase.components.ComponentRegistrar" />
113-->[com.google.firebase:firebase-common-ktx:20.4.2] AndroidManifest.xml:14:17-82
114            <meta-data
114-->[com.google.firebase:firebase-common:20.4.2] AndroidManifest.xml:35:13-37:85
115                android:name="com.google.firebase.components:com.google.firebase.FirebaseCommonKtxRegistrar"
115-->[com.google.firebase:firebase-common:20.4.2] AndroidManifest.xml:36:17-109
116                android:value="com.google.firebase.components.ComponentRegistrar" />
116-->[com.google.firebase:firebase-common:20.4.2] AndroidManifest.xml:37:17-82
117        </service>
118
119        <activity
119-->[com.google.android.gms:play-services-base:18.1.0] AndroidManifest.xml:20:9-22:45
120            android:name="com.google.android.gms.common.api.GoogleApiActivity"
120-->[com.google.android.gms:play-services-base:18.1.0] AndroidManifest.xml:20:19-85
121            android:exported="false"
121-->[com.google.android.gms:play-services-base:18.1.0] AndroidManifest.xml:22:19-43
122            android:theme="@android:style/Theme.Translucent.NoTitleBar" />
122-->[com.google.android.gms:play-services-base:18.1.0] AndroidManifest.xml:21:19-78
123
124        <service
124-->[androidx.room:room-runtime:2.6.1] AndroidManifest.xml:24:9-28:63
125            android:name="androidx.room.MultiInstanceInvalidationService"
125-->[androidx.room:room-runtime:2.6.1] AndroidManifest.xml:25:13-74
126            android:directBootAware="true"
126-->[androidx.room:room-runtime:2.6.1] AndroidManifest.xml:26:13-43
127            android:exported="false" />
127-->[androidx.room:room-runtime:2.6.1] AndroidManifest.xml:27:13-37
128
129        <receiver
129-->[com.google.android.gms:play-services-measurement:21.5.1] AndroidManifest.xml:29:9-33:20
130            android:name="com.google.android.gms.measurement.AppMeasurementReceiver"
130-->[com.google.android.gms:play-services-measurement:21.5.1] AndroidManifest.xml:30:13-85
131            android:enabled="true"
131-->[com.google.android.gms:play-services-measurement:21.5.1] AndroidManifest.xml:31:13-35
132            android:exported="false" >
132-->[com.google.android.gms:play-services-measurement:21.5.1] AndroidManifest.xml:32:13-37
133        </receiver>
134
135        <service
135-->[com.google.android.gms:play-services-measurement:21.5.1] AndroidManifest.xml:35:9-38:40
136            android:name="com.google.android.gms.measurement.AppMeasurementService"
136-->[com.google.android.gms:play-services-measurement:21.5.1] AndroidManifest.xml:36:13-84
137            android:enabled="true"
137-->[com.google.android.gms:play-services-measurement:21.5.1] AndroidManifest.xml:37:13-35
138            android:exported="false" />
138-->[com.google.android.gms:play-services-measurement:21.5.1] AndroidManifest.xml:38:13-37
139        <service
139-->[com.google.android.gms:play-services-measurement:21.5.1] AndroidManifest.xml:39:9-43:72
140            android:name="com.google.android.gms.measurement.AppMeasurementJobService"
140-->[com.google.android.gms:play-services-measurement:21.5.1] AndroidManifest.xml:40:13-87
141            android:enabled="true"
141-->[com.google.android.gms:play-services-measurement:21.5.1] AndroidManifest.xml:41:13-35
142            android:exported="false"
142-->[com.google.android.gms:play-services-measurement:21.5.1] AndroidManifest.xml:42:13-37
143            android:permission="android.permission.BIND_JOB_SERVICE" />
143-->[com.google.android.gms:play-services-measurement:21.5.1] AndroidManifest.xml:43:13-69
144
145        <uses-library
145-->[androidx.privacysandbox.ads:ads-adservices:1.0.0-beta05] AndroidManifest.xml:23:9-25:40
146            android:name="android.ext.adservices"
146-->[androidx.privacysandbox.ads:ads-adservices:1.0.0-beta05] AndroidManifest.xml:24:13-50
147            android:required="false" />
147-->[androidx.privacysandbox.ads:ads-adservices:1.0.0-beta05] AndroidManifest.xml:25:13-37
148
149        <property
149-->[com.google.android.gms:play-services-measurement-api:21.5.1] AndroidManifest.xml:30:9-32:61
150            android:name="android.adservices.AD_SERVICES_CONFIG"
150-->[com.google.android.gms:play-services-measurement-api:21.5.1] AndroidManifest.xml:31:13-65
151            android:resource="@xml/ga_ad_services_config" />
151-->[com.google.android.gms:play-services-measurement-api:21.5.1] AndroidManifest.xml:32:13-58
152
153        <provider
153-->[com.google.firebase:firebase-common:20.4.2] AndroidManifest.xml:23:9-28:39
154            android:name="com.google.firebase.provider.FirebaseInitProvider"
154-->[com.google.firebase:firebase-common:20.4.2] AndroidManifest.xml:24:13-77
155            android:authorities="com.example.todo.firebaseinitprovider"
155-->[com.google.firebase:firebase-common:20.4.2] AndroidManifest.xml:25:13-72
156            android:directBootAware="true"
156-->[com.google.firebase:firebase-common:20.4.2] AndroidManifest.xml:26:13-43
157            android:exported="false"
157-->[com.google.firebase:firebase-common:20.4.2] AndroidManifest.xml:27:13-37
158            android:initOrder="100" />
158-->[com.google.firebase:firebase-common:20.4.2] AndroidManifest.xml:28:13-36
159
160        <meta-data
160-->[com.google.android.gms:play-services-basement:18.1.0] AndroidManifest.xml:21:9-23:69
161            android:name="com.google.android.gms.version"
161-->[com.google.android.gms:play-services-basement:18.1.0] AndroidManifest.xml:22:13-58
162            android:value="@integer/google_play_services_version" />
162-->[com.google.android.gms:play-services-basement:18.1.0] AndroidManifest.xml:23:13-66
163
164        <service
164-->[com.google.android.datatransport:transport-backend-cct:2.3.3] AndroidManifest.xml:29:9-35:19
165            android:name="com.google.android.datatransport.runtime.backends.TransportBackendDiscovery"
165-->[com.google.android.datatransport:transport-backend-cct:2.3.3] AndroidManifest.xml:30:13-103
166            android:exported="false" >
166-->[com.google.android.datatransport:transport-backend-cct:2.3.3] AndroidManifest.xml:31:13-37
167            <meta-data
167-->[com.google.android.datatransport:transport-backend-cct:2.3.3] AndroidManifest.xml:32:13-34:39
168                android:name="backend:com.google.android.datatransport.cct.CctBackendFactory"
168-->[com.google.android.datatransport:transport-backend-cct:2.3.3] AndroidManifest.xml:33:17-94
169                android:value="cct" />
169-->[com.google.android.datatransport:transport-backend-cct:2.3.3] AndroidManifest.xml:34:17-36
170        </service>
171        <service
171-->[com.google.android.datatransport:transport-runtime:2.2.6] AndroidManifest.xml:26:9-30:19
172            android:name="com.google.android.datatransport.runtime.scheduling.jobscheduling.JobInfoSchedulerService"
172-->[com.google.android.datatransport:transport-runtime:2.2.6] AndroidManifest.xml:27:13-117
173            android:exported="false"
173-->[com.google.android.datatransport:transport-runtime:2.2.6] AndroidManifest.xml:28:13-37
174            android:permission="android.permission.BIND_JOB_SERVICE" >
174-->[com.google.android.datatransport:transport-runtime:2.2.6] AndroidManifest.xml:29:13-69
175        </service>
176
177        <receiver
177-->[com.google.android.datatransport:transport-runtime:2.2.6] AndroidManifest.xml:32:9-34:40
178            android:name="com.google.android.datatransport.runtime.scheduling.jobscheduling.AlarmManagerSchedulerBroadcastReceiver"
178-->[com.google.android.datatransport:transport-runtime:2.2.6] AndroidManifest.xml:33:13-132
179            android:exported="false" />
179-->[com.google.android.datatransport:transport-runtime:2.2.6] AndroidManifest.xml:34:13-37
180        <receiver
180-->[androidx.profileinstaller:profileinstaller:1.3.0] AndroidManifest.xml:34:9-52:20
181            android:name="androidx.profileinstaller.ProfileInstallReceiver"
181-->[androidx.profileinstaller:profileinstaller:1.3.0] AndroidManifest.xml:35:13-76
182            android:directBootAware="false"
182-->[androidx.profileinstaller:profileinstaller:1.3.0] AndroidManifest.xml:36:13-44
183            android:enabled="true"
183-->[androidx.profileinstaller:profileinstaller:1.3.0] AndroidManifest.xml:37:13-35
184            android:exported="true"
184-->[androidx.profileinstaller:profileinstaller:1.3.0] AndroidManifest.xml:38:13-36
185            android:permission="android.permission.DUMP" >
185-->[androidx.profileinstaller:profileinstaller:1.3.0] AndroidManifest.xml:39:13-57
186            <intent-filter>
186-->[androidx.profileinstaller:profileinstaller:1.3.0] AndroidManifest.xml:40:13-42:29
187                <action android:name="androidx.profileinstaller.action.INSTALL_PROFILE" />
187-->[androidx.profileinstaller:profileinstaller:1.3.0] AndroidManifest.xml:41:17-91
187-->[androidx.profileinstaller:profileinstaller:1.3.0] AndroidManifest.xml:41:25-88
188            </intent-filter>
189            <intent-filter>
189-->[androidx.profileinstaller:profileinstaller:1.3.0] AndroidManifest.xml:43:13-45:29
190                <action android:name="androidx.profileinstaller.action.SKIP_FILE" />
190-->[androidx.profileinstaller:profileinstaller:1.3.0] AndroidManifest.xml:44:17-85
190-->[androidx.profileinstaller:profileinstaller:1.3.0] AndroidManifest.xml:44:25-82
191            </intent-filter>
192            <intent-filter>
192-->[androidx.profileinstaller:profileinstaller:1.3.0] AndroidManifest.xml:46:13-48:29
193                <action android:name="androidx.profileinstaller.action.SAVE_PROFILE" />
193-->[androidx.profileinstaller:profileinstaller:1.3.0] AndroidManifest.xml:47:17-88
193-->[androidx.profileinstaller:profileinstaller:1.3.0] AndroidManifest.xml:47:25-85
194            </intent-filter>
195            <intent-filter>
195-->[androidx.profileinstaller:profileinstaller:1.3.0] AndroidManifest.xml:49:13-51:29
196                <action android:name="androidx.profileinstaller.action.BENCHMARK_OPERATION" />
196-->[androidx.profileinstaller:profileinstaller:1.3.0] AndroidManifest.xml:50:17-95
196-->[androidx.profileinstaller:profileinstaller:1.3.0] AndroidManifest.xml:50:25-92
197            </intent-filter>
198        </receiver>
199    </application>
200
201</manifest>